<?xml version="1.0" encoding="UTF-8"?>
<!-- Generated by org.testng.reporters.JUnitXMLReporter -->
<testsuite ignored="1" hostname="NOETICPC13" failures="0" tests="1" name="Default test" time="117.739" errors="0" timestamp="2025-07-07T18:03:14 IST">
  <testcase classname="com.erp.automation.tests.sales.InvoiceCreationTestDomesticAndOutward" name="invoiceCreationFromExcelSingleitemDomesticAndOutward" time="99.14"/>
  <testcase classname="com.erp.automation.tests.sales.InvoiceCreationTestDomesticAndOutward" name="invoiceCreationFromExcelBulkDomesticAndOutward" time="0.0">
    <ignored/>
  </testcase> <!-- invoiceCreationFromExcelBulkDomesticAndOutward -->
</testsuite> <!-- Default test -->
