<?xml version="1.0" encoding="UTF-8"?>
<!-- Generated by org.testng.reporters.JUnitXMLReporter -->
<testsuite ignored="2" hostname="NOETICPC13" failures="0" tests="3" name="CustomerRegistrationProcessTest" time="188.53" errors="0" timestamp="2025-07-03T15:22:31 IST">
  <testcase classname="com.erp.automation.tests.sales.CustomerRegistrationTest2" name="customerRegistrationTest" time="67.846"/>
  <testcase classname="com.erp.automation.tests.sales.CustomerFirstApprovalTest" name="customerFirstApprovalTest2" time="34.165"/>
  <testcase classname="com.erp.automation.tests.sales.CustomerFinalApprovalTest" name="customerFinalApprovalTest2" time="26.266"/>
  <testcase classname="com.erp.automation.tests.sales.CustomerFinalApprovalTest" name="customerFinalApprovalTest" time="0.0">
    <ignored/>
  </testcase> <!-- customerFinalApprovalTest -->
  <testcase classname="com.erp.automation.tests.sales.CustomerFirstApprovalTest" name="customerFirstApprovalTest" time="0.0">
    <ignored/>
  </testcase> <!-- customerFirstApprovalTest -->
</testsuite> <!-- CustomerRegistrationProcessTest -->
