<?xml version="1.0" encoding="UTF-8"?>
<!-- Generated by org.testng.reporters.JUnitXMLReporter -->
<testsuite ignored="0" hostname="NOETICPC13" failures="0" tests="4" name="TestForPiCreationToPoApproval" time="162.106" errors="0" timestamp="2025-07-04T09:58:26 IST">
  <testcase classname="com.erp.automation.tests.purchase.PiCreation" name="piCreationTest" time="37.94"/>
  <testcase classname="com.erp.automation.tests.purchase.PiApproval" name="piApprovalTest" time="12.462"/>
  <testcase classname="com.erp.automation.tests.purchase.PoCreateFromPi" name="poCreateFromPiTest" time="45.982"/>
  <testcase classname="com.erp.automation.tests.purchase.PoApprovalProcess" name="PoApprovalProcessTest" time="17.347"/>
</testsuite> <!-- TestForPiCreationToPoApproval -->
