<?xml version="1.0" encoding="UTF-8"?>
<!-- Generated by org.testng.reporters.JUnitXMLReporter -->
<testsuite ignored="1" hostname="NOETICPC13" failures="0" tests="2" name="TestOEESummary" time="86.122" errors="0" timestamp="2025-07-04T10:57:13 IST">
  <testcase classname="com.erp.automation.tests.reports.OEESummaryTest" name="getOEESummaryReport" time="24.724"/>
  <testcase classname="com.erp.automation.tests.reports.OEESummaryTest" name="getOEESummaryReporteforCustomDateRangeOne" time="27.716"/>
  <testcase classname="com.erp.automation.tests.reports.OEESummaryTest" name="getOEESummaryReportForCustomDateRangeTwo" time="0.0">
    <ignored/>
  </testcase> <!-- getOEESummaryReportForCustomDateRangeTwo -->
</testsuite> <!-- TestOEESummary -->
