<?xml version="1.0" encoding="UTF-8"?>
<!-- Generated by org.testng.reporters.JUnitXMLReporter -->
<testsuite ignored="1" hostname="NOETICPC13" failures="0" tests="1" name="Test" time="123.661" errors="0" timestamp="2025-07-07T18:12:38 IST">
  <testcase classname="com.erp.automation.tests.sales.InvoiceCreationTestDomesticAndOutward" name="invoiceCreationFromExcelSingleitemDomesticAndOutward" time="104.032"/>
  <testcase classname="com.erp.automation.tests.sales.InvoiceCreationTestDomesticAndOutward" name="invoiceCreationFromExcelBulkDomesticAndOutward" time="0.0">
    <ignored/>
  </testcase> <!-- invoiceCreationFromExcelBulkDomesticAndOutward -->
</testsuite> <!-- Test -->
