<?xml version="1.0" encoding="UTF-8"?>
<!-- Generated by org.testng.reporters.JUnitXMLReporter -->
<testsuite ignored="0" hostname="NOETICPC13" failures="0" tests="2" name="e2eProcessOfCustomerPriceList" time="100.455" errors="0" timestamp="2025-07-08T14:32:24 IST">
  <testcase classname="com.erp.automation.tests.sales.CustomerPriceListTest" name="customerPriceListUpdate" time="41.947"/>
  <testcase classname="com.erp.automation.tests.sales.CustomerPriceListApprovalTest" name="customerPriceListApprovalProcess" time="30.878"/>
</testsuite> <!-- e2eProcessOfCustomerPriceList -->
